<?xml version="1.0" encoding="UTF-8"?>
<!-- Generated by org.testng.reporters.JUnitXMLReporter -->
<testsuite ignored="0" hostname="DESKTOP-4BAECAP" failures="0" tests="4" name="Default test" time="68.362" errors="0" timestamp="2022-09-21T14:23:15 IST">
  <testcase classname="com.sgtesting.anootation.AnnotationDemo1" name="login" time="7.559"/>
  <testcase classname="com.sgtesting.anootation.AnnotationDemo1" name="createUser" time="26.37"/>
  <testcase classname="com.sgtesting.anootation.AnnotationDemo1" name="deleteUser" time="9.459"/>
  <testcase classname="com.sgtesting.anootation.AnnotationDemo1" name="logout" time="2.498"/>
</testsuite> <!-- Default test -->
