<?xml version="1.0" encoding="UTF-8"?>
<testng-results ignored="0" total="4" passed="4" failed="0" skipped="0">
  <reporter-output>
  </reporter-output>
  <suite started-at="2022-09-21T14:22:07 IST" name="Default suite" finished-at="2022-09-21T14:23:15 IST" duration-ms="68362">
    <groups>
    </groups>
    <test started-at="2022-09-21T14:22:07 IST" name="Default test" finished-at="2022-09-21T14:23:15 IST" duration-ms="68362">
      <class name="com.sgtesting.anootation.AnnotationDemo1">
        <test-method is-config="true" signature="Launchbrowser()[pri:0, instance:com.sgtesting.anootation.AnnotationDemo1@7c711375]" started-at="2022-09-21T14:22:07 IST" name="Launchbrowser" finished-at="2022-09-21T14:22:29 IST" duration-ms="21708" status="PASS">
          <reporter-output>
          </reporter-output>
        </test-method> <!-- Launchbrowser -->
        <test-method signature="login(java.lang.String,java.lang.String)[pri:1, instance:com.sgtesting.anootation.AnnotationDemo1@7c711375]" started-at="2022-09-21T14:22:29 IST" name="login" data-provider="LoginDetails" finished-at="2022-09-21T14:22:36 IST" duration-ms="7559" status="PASS">
          <params>
            <param index="0">
              <value>
                <![CDATA[admin]]>
              </value>
            </param>
            <param index="1">
              <value>
                <![CDATA[manager]]>
              </value>
            </param>
          </params>
          <reporter-output>
          </reporter-output>
        </test-method> <!-- login -->
        <test-method signature="createUser(java.lang.String,java.lang.String,java.lang.String,java.lang.String,java.lang.String,java.lang.String)[pri:2, instance:com.sgtesting.anootation.AnnotationDemo1@7c711375]" started-at="2022-09-21T14:22:37 IST" name="createUser" data-provider="createUserDetails" finished-at="2022-09-21T14:23:03 IST" duration-ms="26370" status="PASS">
          <params>
            <param index="0">
              <value>
                <![CDATA[Namita]]>
              </value>
            </param>
            <param index="1">
              <value>
                <![CDATA[L]]>
              </value>
            </param>
            <param index="2">
              <value>
                <![CDATA[namita@gmail.com]]>
              </value>
            </param>
            <param index="3">
              <value>
                <![CDATA[Namita1]]>
              </value>
            </param>
            <param index="4">
              <value>
                <![CDATA[namita123]]>
              </value>
            </param>
            <param index="5">
              <value>
                <![CDATA[namita123]]>
              </value>
            </param>
          </params>
          <reporter-output>
          </reporter-output>
        </test-method> <!-- createUser -->
        <test-method signature="deleteUser()[pri:3, instance:com.sgtesting.anootation.AnnotationDemo1@7c711375]" started-at="2022-09-21T14:23:03 IST" name="deleteUser" finished-at="2022-09-21T14:23:12 IST" duration-ms="9459" status="PASS">
          <reporter-output>
          </reporter-output>
        </test-method> <!-- deleteUser -->
        <test-method signature="logout()[pri:4, instance:com.sgtesting.anootation.AnnotationDemo1@7c711375]" started-at="2022-09-21T14:23:12 IST" name="logout" finished-at="2022-09-21T14:23:15 IST" duration-ms="2498" status="PASS">
          <reporter-output>
          </reporter-output>
        </test-method> <!-- logout -->
        <test-method is-config="true" signature="closeApplication()[pri:0, instance:com.sgtesting.anootation.AnnotationDemo1@7c711375]" started-at="2022-09-21T14:23:15 IST" name="closeApplication" finished-at="2022-09-21T14:23:15 IST" duration-ms="500" status="PASS">
          <reporter-output>
          </reporter-output>
        </test-method> <!-- closeApplication -->
      </class> <!-- com.sgtesting.anootation.AnnotationDemo1 -->
    </test> <!-- Default test -->
  </suite> <!-- Default suite -->
</testng-results>
